#
# There is insufficient memory for the Java Runtime Environment to continue.
# Native memory allocation (mmap) failed to map 268435456 bytes for Failed to commit area from 0x0000000701c00000 to 0x0000000711c00000 of length 268435456.
# Possible reasons:
#   The system is out of physical RAM or swap space
#   The process is running with CompressedOops enabled, and the Java Heap may be blocking the growth of the native heap
# Possible solutions:
#   Reduce memory load on the system
#   Increase physical memory or swap space
#   Check if swap backing store is full
#   Decrease Java heap size (-Xmx/-Xms)
#   Decrease number of Java threads
#   Decrease Java thread stack sizes (-Xss)
#   Set larger code cache with -XX:ReservedCodeCacheSize=
# This output file may be truncated or incomplete.
#
#  Out of Memory Error (c:/BuildAgent/work/1eae4dac1d648407/src/hotspot/os/windows/os_windows.cpp:3296), pid=13304, tid=12060
#
# JRE version:  (11.0.6+8) (build )
# Java VM: OpenJDK 64-Bit Server VM (11.0.6+8-b765.40, mixed mode, sharing, tiered, compressed oops, g1 gc, windows-amd64)
# No core dump will be written. Minidumps are not enabled by default on client versions of Windows
#

---------------  S U M M A R Y ------------

Command Line: org.jetbrains.git4idea.http.GitAskPassApp Username for 'https://github.com': 

Host: Intel(R) Core(TM) i5-3570K CPU @ 3.40GHz, 4 cores, 15G,  Windows 10 , 64 bit Build 18362 (10.0.18362.778)
Time: Wed May  6 18:14:57 2020 Central European Daylight Time elapsed time: 0 seconds (0d 0h 0m 0s)

---------------  T H R E A D  ---------------

Current thread (0x00000201560ad000):  JavaThread "Unknown thread" [_thread_in_vm, id=12060, stack(0x0000003e64f00000,0x0000003e65000000)]

Stack: [0x0000003e64f00000,0x0000003e65000000]
Native frames: (J=compiled Java code, j=interpreted, Vv=VM code, C=native code)
V  [jvm.dll+0x5ddf9a]
V  [jvm.dll+0x710ae5]
V  [jvm.dll+0x712005]
V  [jvm.dll+0x7126b3]
V  [jvm.dll+0x23e718]
V  [jvm.dll+0x5db444]
V  [jvm.dll+0x5d0675]
V  [jvm.dll+0x2faf1b]
V  [jvm.dll+0x2fae8a]
V  [jvm.dll+0x2fad62]
V  [jvm.dll+0x2ffc36]
V  [jvm.dll+0x3484e3]
V  [jvm.dll+0x348be6]
V  [jvm.dll+0x3485e3]
V  [jvm.dll+0x2d5938]
V  [jvm.dll+0x2d6ad7]
V  [jvm.dll+0x6ef8a7]
V  [jvm.dll+0x6f109c]
V  [jvm.dll+0x355b29]
V  [jvm.dll+0x6d4a7e]
V  [jvm.dll+0x3bf053]
V  [jvm.dll+0x3c15d1]
C  [jli.dll+0x5363]
C  [ucrtbase.dll+0x20e72]
C  [KERNEL32.DLL+0x17bd4]
C  [ntdll.dll+0x6ce51]


---------------  P R O C E S S  ---------------

Threads class SMR info:
_java_thread_list=0x0000020153fa4320, length=0, elements={
}

Java Threads: ( => current thread )

Other Threads:
  0x00000201560c8800 GCTaskThread "GC Thread#0" [stack: 0x0000003e65000000,0x0000003e65100000] [id=5208]
  0x0000020156128000 ConcurrentGCThread "G1 Main Marker" [stack: 0x0000003e65100000,0x0000003e65200000] [id=17120]
  0x0000020156129800 ConcurrentGCThread "G1 Conc#0" [stack: 0x0000003e65200000,0x0000003e65300000] [id=8088]

[error occurred during error reporting (printing all threads), id 0xc0000005, EXCEPTION_ACCESS_VIOLATION (0xc0000005) at pc=0x00007ffe23ec6047]

VM state:not at safepoint (not fully initialized)

VM Mutex/Monitor currently owned by a thread:  ([mutex/lock_event])
[0x00000201560aad80] Heap_lock - owner thread: 0x00000201560ad000

Heap address: 0x0000000701c00000, size: 4068 MB, Compressed Oops mode: Non-zero based: 0x0000000701c00000
Narrow klass base: 0x0000000000000000, Narrow klass shift: 0

GC Heap History (0 events):
No events

Deoptimization events (0 events):
No events

Classes redefined (0 events):
No events

Internal exceptions (0 events):
No events

Events (2 events):
Event: 0.009 Loaded shared library D:\Ostalo\IntelliJ IDEA Community Edition 2019.1.3\jbr\bin\zip.dll
Event: 0.010 Loaded shared library D:\Ostalo\IntelliJ IDEA Community Edition 2019.1.3\jbr\bin\jimage.dll


Dynamic libraries:
0x00007ff76f820000 - 0x00007ff76f82a000 	D:\Ostalo\IntelliJ IDEA Community Edition 2019.1.3\jbr\bin\java.exe
0x00007ffe631e0000 - 0x00007ffe633d0000 	C:\WINDOWS\SYSTEM32\ntdll.dll
0x00007ffe4bf10000 - 0x00007ffe4bf23000 	C:\Program Files\AVAST Software\Avast\aswhook.dll
0x00007ffe61290000 - 0x00007ffe61342000 	C:\WINDOWS\System32\KERNEL32.DLL
0x00007ffe60510000 - 0x00007ffe607b3000 	C:\WINDOWS\System32\KERNELBASE.dll
0x00007ffe607c0000 - 0x00007ffe608ba000 	C:\WINDOWS\System32\ucrtbase.dll
0x00007ffe3d8d0000 - 0x00007ffe3d8e9000 	D:\Ostalo\IntelliJ IDEA Community Edition 2019.1.3\jbr\bin\jli.dll
0x00007ffe62600000 - 0x00007ffe62794000 	C:\WINDOWS\System32\USER32.dll
0x00007ffe603c0000 - 0x00007ffe603e1000 	C:\WINDOWS\System32\win32u.dll
0x00007ffe61640000 - 0x00007ffe61666000 	C:\WINDOWS\System32\GDI32.dll
0x00007ffe610f0000 - 0x00007ffe61284000 	C:\WINDOWS\System32\gdi32full.dll
0x00007ffe60470000 - 0x00007ffe6050e000 	C:\WINDOWS\System32\msvcp_win.dll
0x00007ffe3d8b0000 - 0x00007ffe3d8c7000 	D:\Ostalo\IntelliJ IDEA Community Edition 2019.1.3\jbr\bin\VCRUNTIME140.dll
0x00007ffe4d4a0000 - 0x00007ffe4d725000 	C:\WINDOWS\WinSxS\amd64_microsoft.windows.common-controls_6595b64144ccf1df_6.0.18362.778_none_e6c6b761130d4fb8\COMCTL32.dll
0x00007ffe61690000 - 0x00007ffe6172e000 	C:\WINDOWS\System32\msvcrt.dll
0x00007ffe622c0000 - 0x00007ffe625f6000 	C:\WINDOWS\System32\combase.dll
0x00007ffe613c0000 - 0x00007ffe614e0000 	C:\WINDOWS\System32\RPCRT4.dll
0x00007ffe603f0000 - 0x00007ffe60470000 	C:\WINDOWS\System32\bcryptPrimitives.dll
0x00007ffe617e0000 - 0x00007ffe6180e000 	C:\WINDOWS\System32\IMM32.DLL
0x00007ffe2ef10000 - 0x00007ffe2efad000 	D:\Ostalo\IntelliJ IDEA Community Edition 2019.1.3\jbr\bin\msvcp140.dll
0x00007ffe23be0000 - 0x00007ffe2469d000 	D:\Ostalo\IntelliJ IDEA Community Edition 2019.1.3\jbr\bin\server\jvm.dll
0x00007ffe61a20000 - 0x00007ffe61ac3000 	C:\WINDOWS\System32\ADVAPI32.dll
0x00007ffe62220000 - 0x00007ffe622b7000 	C:\WINDOWS\System32\sechost.dll
0x00007ffe61b40000 - 0x00007ffe61b48000 	C:\WINDOWS\System32\PSAPI.DLL
0x00007ffe57f10000 - 0x00007ffe57f19000 	C:\WINDOWS\SYSTEM32\WSOCK32.dll
0x00007ffe62800000 - 0x00007ffe6286f000 	C:\WINDOWS\System32\WS2_32.dll
0x00007ffe586d0000 - 0x00007ffe586f4000 	C:\WINDOWS\SYSTEM32\WINMM.dll
0x00007ffe5b880000 - 0x00007ffe5b88a000 	C:\WINDOWS\SYSTEM32\VERSION.dll
0x00007ffe586a0000 - 0x00007ffe586cd000 	C:\WINDOWS\SYSTEM32\WINMMBASE.dll
0x00007ffe610a0000 - 0x00007ffe610ea000 	C:\WINDOWS\System32\cfgmgr32.dll
0x00007ffe60100000 - 0x00007ffe60111000 	C:\WINDOWS\System32\kernel.appcore.dll
0x00007ffe58740000 - 0x00007ffe58751000 	D:\Ostalo\IntelliJ IDEA Community Edition 2019.1.3\jbr\bin\verify.dll
0x00007ffe5a5d0000 - 0x00007ffe5a7c4000 	C:\WINDOWS\SYSTEM32\DBGHELP.DLL
0x00007ffe5a4d0000 - 0x00007ffe5a4fa000 	C:\WINDOWS\SYSTEM32\dbgcore.DLL
0x00007ffe4dd20000 - 0x00007ffe4dd49000 	D:\Ostalo\IntelliJ IDEA Community Edition 2019.1.3\jbr\bin\java.dll
0x00007ffe57f30000 - 0x00007ffe57f48000 	D:\Ostalo\IntelliJ IDEA Community Edition 2019.1.3\jbr\bin\zip.dll
0x00007ffe56040000 - 0x00007ffe5604b000 	D:\Ostalo\IntelliJ IDEA Community Edition 2019.1.3\jbr\bin\jimage.dll

dbghelp: loaded successfully - version: 4.0.5 - missing functions: none
symbol engine: initialized successfully - sym options: 0x614 - pdb path: .;D:\Ostalo\IntelliJ IDEA Community Edition 2019.1.3\jbr\bin;C:\WINDOWS\SYSTEM32;C:\Program Files\AVAST Software\Avast;C:\WINDOWS\WinSxS\amd64_microsoft.windows.common-controls_6595b64144ccf1df_6.0.18362.778_none_e6c6b761130d4fb8;D:\Ostalo\IntelliJ IDEA Community Edition 2019.1.3\jbr\bin\server

VM Arguments:
java_command: org.jetbrains.git4idea.http.GitAskPassApp Username for 'https://github.com': 
java_class_path (initial): D:/Ostalo/IntelliJ IDEA Community Edition 2019.1.3/plugins/git4idea/lib/git4idea-rt.jar;D:/Ostalo/IntelliJ IDEA Community Edition 2019.1.3/lib/xmlrpc-2.0.1.jar;D:/Ostalo/IntelliJ IDEA Community Edition 2019.1.3/lib/commons-codec-1.14.jar;D:/Ostalo/IntelliJ IDEA Community Edition 2019.1.3/lib/util.jar
Launcher Type: SUN_STANDARD

[Global flags]
     intx CICompilerCount                          = 3                                         {product} {ergonomic}
     uint ConcGCThreads                            = 1                                         {product} {ergonomic}
     uint G1ConcRefinementThreads                  = 4                                         {product} {ergonomic}
   size_t G1HeapRegionSize                         = 1048576                                   {product} {ergonomic}
    uintx GCDrainStackTargetSize                   = 64                                        {product} {ergonomic}
   size_t InitialHeapSize                          = 268435456                                 {product} {ergonomic}
   size_t MarkStackSize                            = 4194304                                   {product} {ergonomic}
   size_t MaxHeapSize                              = 4265607168                                {product} {ergonomic}
   size_t MinHeapDeltaBytes                        = 1048576                                   {product} {ergonomic}
    uintx NonNMethodCodeHeapSize                   = 5830732                                {pd product} {ergonomic}
    uintx NonProfiledCodeHeapSize                  = 122913754                              {pd product} {ergonomic}
    uintx ProfiledCodeHeapSize                     = 122913754                              {pd product} {ergonomic}
    uintx ReservedCodeCacheSize                    = 251658240                              {pd product} {ergonomic}
     bool SegmentedCodeCache                       = true                                      {product} {ergonomic}
     bool UseCompressedClassPointers               = true                                 {lp64_product} {ergonomic}
     bool UseCompressedOops                        = true                                 {lp64_product} {ergonomic}
     bool UseG1GC                                  = true                                      {product} {ergonomic}
     bool UseLargePagesIndividualAllocation        = false                                  {pd product} {ergonomic}

Logging:
Log output configuration:
 #0: stdout all=warning uptime,level,tags
 #1: stderr all=off uptime,level,tags

Environment Variables:
PATH=D:\Ostalo\Git\mingw64\libexec\git-core;D:\Ostalo\Git\mingw64\libexec\git-core;D:\Ostalo\Git\mingw64\bin;D:\Ostalo\Git\usr\bin;C:\Users\Aleksander\bin;C:\Program Files (x86)\Common Files\Oracle\Java\javapath;C:\Windows\system32;C:\Windows;C:\Windows\System32\Wbem;C:\Windows\System32\WindowsPowerShell\v1.0;C:\Program Files (x86)\NVIDIA Corporation\PhysX\Common;C:\Program Files\NVIDIA Corporation\NVIDIA NvDLISR;C:\WINDOWS\system32;C:\WINDOWS;C:\WINDOWS\System32\Wbem;C:\WINDOWS\System32\WindowsPowerShell\v1.0;C:\WINDOWS\System32\OpenSSH;D:\Ostalo\Git\cmd;C:\Users\Aleksander\AppData\Local\Microsoft\WindowsApps
USERNAME=Aleksander
DISPLAY=:0.0
OS=Windows_NT
PROCESSOR_IDENTIFIER=Intel64 Family 6 Model 58 Stepping 9, GenuineIntel



---------------  S Y S T E M  ---------------

OS: Windows 10 , 64 bit Build 18362 (10.0.18362.778)

CPU:total 4 (initial active 4) (4 cores per cpu, 1 threads per core) family 6 model 58 stepping 9, cmov, cx8, fxsr, mmx, sse, sse2, sse3, ssse3, sse4.1, sse4.2, popcnt, avx, aes, clmul, erms, tsc, tscinvbit, tscinv

Memory: 4k page, system-wide physical 16268M (4937M free)
TotalPageFile size 23434M (AvailPageFile size 232M)
current process WorkingSet (physical memory assigned to process): 10M, peak: 10M
current process commit charge ("private bytes"): 52M, peak: 308M

vm_info: OpenJDK 64-Bit Server VM (11.0.6+8-b765.40) for windows-amd64 JRE (11.0.6+8-b765.40), built on Apr 20 2020 14:37:21 by "" with MS VC++ 14.0 (VS2015)

END.
